2020-01-22 14:47:28.359  INFO 17460 --- [restartedMain] com.example.demo.DemoApplication         : Starting DemoApplication on DESKTOP-L0NO9V0 with PID 17460 (started by Asus´ in C:\Users\Asus´\Desktop\Docs\pastagit\esofproj)
2020-01-22 14:47:28.411  INFO 17460 --- [restartedMain] com.example.demo.DemoApplication         : No active profile set, falling back to default profiles: default
2020-01-22 14:47:59.556  INFO 17460 --- [restartedMain] com.example.demo.Bootstrap               : Startup
2020-01-22 14:48:00.595  INFO 17460 --- [restartedMain] com.example.demo.DemoApplication         : Started DemoApplication in 36.172 seconds (JVM running for 42.984)
2020-01-22 14:49:08.798  INFO 17460 --- [http-nio-8080-exec-2] c.e.d.controllers.FaculdadeController    : Received a get request
2020-01-22 14:52:46.952  INFO 17460 --- [http-nio-8080-exec-5] c.e.d.controllers.ExplicacaoController   : Received a Post request.
2020-01-22 14:52:46.987  INFO 17460 --- [http-nio-8080-exec-5] c.e.d.controllers.ExplicacaoController   : Meeting created successfully.
2020-01-22 14:52:50.882  INFO 17460 --- [http-nio-8080-exec-6] c.e.d.controllers.ExplicacaoController   : Received a Post request.
2020-01-22 14:52:50.906  INFO 17460 --- [http-nio-8080-exec-6] c.e.d.controllers.ExplicacaoController   : Meeting created successfully.
2020-01-22 14:52:52.211  INFO 17460 --- [http-nio-8080-exec-7] c.e.d.controllers.ExplicacaoController   : Received a Post request.
2020-01-22 14:52:52.223  INFO 17460 --- [http-nio-8080-exec-7] c.e.d.controllers.ExplicacaoController   : Meeting created successfully.
2020-01-22 14:52:52.570  INFO 17460 --- [http-nio-8080-exec-8] c.e.d.controllers.ExplicacaoController   : Received a Post request.
2020-01-22 14:52:52.577  INFO 17460 --- [http-nio-8080-exec-8] c.e.d.controllers.ExplicacaoController   : Meeting created successfully.
2020-01-22 14:52:52.941  INFO 17460 --- [http-nio-8080-exec-9] c.e.d.controllers.ExplicacaoController   : Received a Post request.
2020-01-22 14:52:52.948  INFO 17460 --- [http-nio-8080-exec-9] c.e.d.controllers.ExplicacaoController   : Meeting created successfully.
2020-01-22 14:52:54.826  INFO 17460 --- [http-nio-8080-exec-10] c.e.d.controllers.ExplicacaoController   : Received a Post request.
2020-01-22 14:52:54.839  INFO 17460 --- [http-nio-8080-exec-10] c.e.d.controllers.ExplicacaoController   : Meeting created successfully.
2020-01-22 14:52:55.286  INFO 17460 --- [http-nio-8080-exec-1] c.e.d.controllers.ExplicacaoController   : Received a Post request.
2020-01-22 14:52:55.293  INFO 17460 --- [http-nio-8080-exec-1] c.e.d.controllers.ExplicacaoController   : Meeting created successfully.
2020-01-22 14:52:58.453  INFO 17460 --- [http-nio-8080-exec-2] c.e.d.controllers.ExplicacaoController   : Received a Post request.
2020-01-22 14:52:58.461  INFO 17460 --- [http-nio-8080-exec-2] c.e.d.controllers.ExplicacaoController   : Meeting created successfully.
2020-01-22 14:52:58.856  INFO 17460 --- [http-nio-8080-exec-3] c.e.d.controllers.ExplicacaoController   : Received a Post request.
2020-01-22 14:52:58.882  INFO 17460 --- [http-nio-8080-exec-3] c.e.d.controllers.ExplicacaoController   : Meeting created successfully.
2020-01-22 14:52:59.793  INFO 17460 --- [http-nio-8080-exec-4] c.e.d.controllers.ExplicacaoController   : Received a Post request.
2020-01-22 14:52:59.804  INFO 17460 --- [http-nio-8080-exec-4] c.e.d.controllers.ExplicacaoController   : Meeting created successfully.
2020-01-22 14:53:02.577  INFO 17460 --- [http-nio-8080-exec-5] c.e.d.controllers.ExplicacaoController   : Received a Post request.
2020-01-22 14:53:02.583  INFO 17460 --- [http-nio-8080-exec-5] c.e.d.controllers.ExplicacaoController   : Meeting created successfully.
2020-01-22 14:53:03.412  INFO 17460 --- [http-nio-8080-exec-6] c.e.d.controllers.ExplicacaoController   : Received a Post request.
2020-01-22 14:53:03.419  INFO 17460 --- [http-nio-8080-exec-6] c.e.d.controllers.ExplicacaoController   : Meeting created successfully.
2020-01-22 14:53:04.211  INFO 17460 --- [http-nio-8080-exec-7] c.e.d.controllers.ExplicacaoController   : Received a Post request.
2020-01-22 14:53:04.217  INFO 17460 --- [http-nio-8080-exec-7] c.e.d.controllers.ExplicacaoController   : Meeting created successfully.
2020-01-22 14:53:04.992  INFO 17460 --- [http-nio-8080-exec-8] c.e.d.controllers.ExplicacaoController   : Received a Post request.
2020-01-22 14:53:04.999  INFO 17460 --- [http-nio-8080-exec-8] c.e.d.controllers.ExplicacaoController   : Meeting created successfully.
2020-01-22 14:54:55.774  INFO 17460 --- [http-nio-8080-exec-1] c.e.d.controllers.ExplicadorController   : Received a Get request.
2020-01-22 14:55:56.946  INFO 17460 --- [http-nio-8080-exec-4] c.e.d.controllers.ExplicadorController   : Received a Get request.
2020-01-22 14:55:57.056 ERROR 17460 --- [http-nio-8080-exec-4] o.a.c.c.C.[.[.[/].[dispatcherServlet]    : Servlet.service() for servlet [dispatcherServlet] in context with path [] threw exception [Request processing failed; nested exception is java.lang.NumberFormatException: For input string: ":00"] with root cause

java.lang.NumberFormatException: For input string: ":00"
	at java.base/java.lang.NumberFormatException.forInputString(NumberFormatException.java:65) ~[na:na]
	at java.base/java.lang.Integer.parseInt(Integer.java:652) ~[na:na]
	at java.base/java.lang.Integer.parseInt(Integer.java:770) ~[na:na]
	at com.example.demo.services.filters.ExplicadorFilterHoraInicio.filter(ExplicadorFilterHoraInicio.java:23) ~[classes/:na]
	at com.example.demo.services.filters.AndExplicadorFilter.filter(AndExplicadorFilter.java:18) ~[classes/:na]
	at com.example.demo.services.filters.AndExplicadorFilter.filter(AndExplicadorFilter.java:19) ~[classes/:na]
	at com.example.demo.services.filters.FilterExplicadorService.filter(FilterExplicadorService.java:20) ~[classes/:na]
	at com.example.demo.services.ExplicadorService.filterExplicadores(ExplicadorService.java:94) ~[classes/:na]
	at com.example.demo.controllers.ExplicadorController.searchExplicadores(ExplicadorController.java:97) ~[classes/:na]
	at java.base/jdk.internal.reflect.NativeMethodAccessorImpl.invoke0(Native Method) ~[na:na]
	at java.base/jdk.internal.reflect.NativeMethodAccessorImpl.invoke(NativeMethodAccessorImpl.java:62) ~[na:na]
	at java.base/jdk.internal.reflect.DelegatingMethodAccessorImpl.invoke(DelegatingMethodAccessorImpl.java:43) ~[na:na]
	at java.base/java.lang.reflect.Method.invoke(Method.java:566) ~[na:na]
	at org.springframework.web.method.support.InvocableHandlerMethod.doInvoke(InvocableHandlerMethod.java:190) ~[spring-web-5.2.0.RELEASE.jar:5.2.0.RELEASE]
	at org.springframework.web.method.support.InvocableHandlerMethod.invokeForRequest(InvocableHandlerMethod.java:138) ~[spring-web-5.2.0.RELEASE.jar:5.2.0.RELEASE]
	at org.springframework.web.servlet.mvc.method.annotation.ServletInvocableHandlerMethod.invokeAndHandle(ServletInvocableHandlerMethod.java:106) ~[spring-webmvc-5.2.0.RELEASE.jar:5.2.0.RELEASE]
	at org.springframework.web.servlet.mvc.method.annotation.RequestMappingHandlerAdapter.invokeHandlerMethod(RequestMappingHandlerAdapter.java:888) ~[spring-webmvc-5.2.0.RELEASE.jar:5.2.0.RELEASE]
	at org.springframework.web.servlet.mvc.method.annotation.RequestMappingHandlerAdapter.handleInternal(RequestMappingHandlerAdapter.java:793) ~[spring-webmvc-5.2.0.RELEASE.jar:5.2.0.RELEASE]
	at org.springframework.web.servlet.mvc.method.AbstractHandlerMethodAdapter.handle(AbstractHandlerMethodAdapter.java:87) ~[spring-webmvc-5.2.0.RELEASE.jar:5.2.0.RELEASE]
	at org.springframework.web.servlet.DispatcherServlet.doDispatch(DispatcherServlet.java:1040) ~[spring-webmvc-5.2.0.RELEASE.jar:5.2.0.RELEASE]
	at org.springframework.web.servlet.DispatcherServlet.doService(DispatcherServlet.java:943) ~[spring-webmvc-5.2.0.RELEASE.jar:5.2.0.RELEASE]
	at org.springframework.web.servlet.FrameworkServlet.processRequest(FrameworkServlet.java:1006) ~[spring-webmvc-5.2.0.RELEASE.jar:5.2.0.RELEASE]
	at org.springframework.web.servlet.FrameworkServlet.doGet(FrameworkServlet.java:898) ~[spring-webmvc-5.2.0.RELEASE.jar:5.2.0.RELEASE]
	at javax.servlet.http.HttpServlet.service(HttpServlet.java:634) ~[tomcat-embed-core-9.0.27.jar:9.0.27]
	at org.springframework.web.servlet.FrameworkServlet.service(FrameworkServlet.java:883) ~[spring-webmvc-5.2.0.RELEASE.jar:5.2.0.RELEASE]
	at javax.servlet.http.HttpServlet.service(HttpServlet.java:741) ~[tomcat-embed-core-9.0.27.jar:9.0.27]
	at org.apache.catalina.core.ApplicationFilterChain.internalDoFilter(ApplicationFilterChain.java:231) ~[tomcat-embed-core-9.0.27.jar:9.0.27]
	at org.apache.catalina.core.ApplicationFilterChain.doFilter(ApplicationFilterChain.java:166) ~[tomcat-embed-core-9.0.27.jar:9.0.27]
	at org.apache.tomcat.websocket.server.WsFilter.doFilter(WsFilter.java:53) ~[tomcat-embed-websocket-9.0.27.jar:9.0.27]
	at org.apache.catalina.core.ApplicationFilterChain.internalDoFilter(ApplicationFilterChain.java:193) ~[tomcat-embed-core-9.0.27.jar:9.0.27]
	at org.apache.catalina.core.ApplicationFilterChain.doFilter(ApplicationFilterChain.java:166) ~[tomcat-embed-core-9.0.27.jar:9.0.27]
	at org.springframework.web.filter.CharacterEncodingFilter.doFilterInternal(CharacterEncodingFilter.java:201) ~[spring-web-5.2.0.RELEASE.jar:5.2.0.RELEASE]
	at org.springframework.web.filter.OncePerRequestFilter.doFilter(OncePerRequestFilter.java:119) ~[spring-web-5.2.0.RELEASE.jar:5.2.0.RELEASE]
	at org.apache.catalina.core.ApplicationFilterChain.internalDoFilter(ApplicationFilterChain.java:193) ~[tomcat-embed-core-9.0.27.jar:9.0.27]
	at org.apache.catalina.core.ApplicationFilterChain.doFilter(ApplicationFilterChain.java:166) ~[tomcat-embed-core-9.0.27.jar:9.0.27]
	at org.springframework.web.filter.RequestContextFilter.doFilterInternal(RequestContextFilter.java:100) ~[spring-web-5.2.0.RELEASE.jar:5.2.0.RELEASE]
	at org.springframework.web.filter.OncePerRequestFilter.doFilter(OncePerRequestFilter.java:119) ~[spring-web-5.2.0.RELEASE.jar:5.2.0.RELEASE]
	at org.apache.catalina.core.ApplicationFilterChain.internalDoFilter(ApplicationFilterChain.java:193) ~[tomcat-embed-core-9.0.27.jar:9.0.27]
	at org.apache.catalina.core.ApplicationFilterChain.doFilter(ApplicationFilterChain.java:166) ~[tomcat-embed-core-9.0.27.jar:9.0.27]
	at org.springframework.web.filter.FormContentFilter.doFilterInternal(FormContentFilter.java:93) ~[spring-web-5.2.0.RELEASE.jar:5.2.0.RELEASE]
	at org.springframework.web.filter.OncePerRequestFilter.doFilter(OncePerRequestFilter.java:119) ~[spring-web-5.2.0.RELEASE.jar:5.2.0.RELEASE]
	at org.apache.catalina.core.ApplicationFilterChain.internalDoFilter(ApplicationFilterChain.java:193) ~[tomcat-embed-core-9.0.27.jar:9.0.27]
	at org.apache.catalina.core.ApplicationFilterChain.doFilter(ApplicationFilterChain.java:166) ~[tomcat-embed-core-9.0.27.jar:9.0.27]
	at org.springframework.web.filter.CharacterEncodingFilter.doFilterInternal(CharacterEncodingFilter.java:201) ~[spring-web-5.2.0.RELEASE.jar:5.2.0.RELEASE]
	at org.springframework.web.filter.OncePerRequestFilter.doFilter(OncePerRequestFilter.java:119) ~[spring-web-5.2.0.RELEASE.jar:5.2.0.RELEASE]
	at org.apache.catalina.core.ApplicationFilterChain.internalDoFilter(ApplicationFilterChain.java:193) ~[tomcat-embed-core-9.0.27.jar:9.0.27]
	at org.apache.catalina.core.ApplicationFilterChain.doFilter(ApplicationFilterChain.java:166) ~[tomcat-embed-core-9.0.27.jar:9.0.27]
	at org.apache.catalina.core.StandardWrapperValve.invoke(StandardWrapperValve.java:202) ~[tomcat-embed-core-9.0.27.jar:9.0.27]
	at org.apache.catalina.core.StandardContextValve.invoke(StandardContextValve.java:96) ~[tomcat-embed-core-9.0.27.jar:9.0.27]
	at org.apache.catalina.authenticator.AuthenticatorBase.invoke(AuthenticatorBase.java:526) ~[tomcat-embed-core-9.0.27.jar:9.0.27]
	at org.apache.catalina.core.StandardHostValve.invoke(StandardHostValve.java:139) ~[tomcat-embed-core-9.0.27.jar:9.0.27]
	at org.apache.catalina.valves.ErrorReportValve.invoke(ErrorReportValve.java:92) ~[tomcat-embed-core-9.0.27.jar:9.0.27]
	at org.apache.catalina.core.StandardEngineValve.invoke(StandardEngineValve.java:74) ~[tomcat-embed-core-9.0.27.jar:9.0.27]
	at org.apache.catalina.connector.CoyoteAdapter.service(CoyoteAdapter.java:343) ~[tomcat-embed-core-9.0.27.jar:9.0.27]
	at org.apache.coyote.http11.Http11Processor.service(Http11Processor.java:408) ~[tomcat-embed-core-9.0.27.jar:9.0.27]
	at org.apache.coyote.AbstractProcessorLight.process(AbstractProcessorLight.java:66) ~[tomcat-embed-core-9.0.27.jar:9.0.27]
	at org.apache.coyote.AbstractProtocol$ConnectionHandler.process(AbstractProtocol.java:861) ~[tomcat-embed-core-9.0.27.jar:9.0.27]
	at org.apache.tomcat.util.net.NioEndpoint$SocketProcessor.doRun(NioEndpoint.java:1579) ~[tomcat-embed-core-9.0.27.jar:9.0.27]
	at org.apache.tomcat.util.net.SocketProcessorBase.run(SocketProcessorBase.java:49) ~[tomcat-embed-core-9.0.27.jar:9.0.27]
	at java.base/java.util.concurrent.ThreadPoolExecutor.runWorker(ThreadPoolExecutor.java:1128) ~[na:na]
	at java.base/java.util.concurrent.ThreadPoolExecutor$Worker.run(ThreadPoolExecutor.java:628) ~[na:na]
	at org.apache.tomcat.util.threads.TaskThread$WrappingRunnable.run(TaskThread.java:61) ~[tomcat-embed-core-9.0.27.jar:9.0.27]
	at java.base/java.lang.Thread.run(Thread.java:834) ~[na:na]

2020-01-22 14:56:03.156  INFO 17460 --- [http-nio-8080-exec-6] c.e.d.controllers.ExplicadorController   : Received a Get request.
2020-01-22 14:56:08.225  INFO 17460 --- [http-nio-8080-exec-7] c.e.d.controllers.ExplicadorController   : Received a Get request.
2020-01-22 14:56:08.234 ERROR 17460 --- [http-nio-8080-exec-7] o.a.c.c.C.[.[.[/].[dispatcherServlet]    : Servlet.service() for servlet [dispatcherServlet] in context with path [] threw exception [Request processing failed; nested exception is java.lang.NumberFormatException: For input string: ""] with root cause

java.lang.NumberFormatException: For input string: ""
	at java.base/java.lang.NumberFormatException.forInputString(NumberFormatException.java:65) ~[na:na]
	at java.base/java.lang.Integer.parseInt(Integer.java:662) ~[na:na]
	at java.base/java.lang.Integer.parseInt(Integer.java:770) ~[na:na]
	at com.example.demo.services.filters.ExplicadorFilterHoraInicio.filter(ExplicadorFilterHoraInicio.java:23) ~[classes/:na]
	at com.example.demo.services.filters.AndExplicadorFilter.filter(AndExplicadorFilter.java:18) ~[classes/:na]
	at com.example.demo.services.filters.AndExplicadorFilter.filter(AndExplicadorFilter.java:19) ~[classes/:na]
	at com.example.demo.services.filters.FilterExplicadorService.filter(FilterExplicadorService.java:20) ~[classes/:na]
	at com.example.demo.services.ExplicadorService.filterExplicadores(ExplicadorService.java:94) ~[classes/:na]
	at com.example.demo.controllers.ExplicadorController.searchExplicadores(ExplicadorController.java:97) ~[classes/:na]
	at java.base/jdk.internal.reflect.NativeMethodAccessorImpl.invoke0(Native Method) ~[na:na]
	at java.base/jdk.internal.reflect.NativeMethodAccessorImpl.invoke(NativeMethodAccessorImpl.java:62) ~[na:na]
	at java.base/jdk.internal.reflect.DelegatingMethodAccessorImpl.invoke(DelegatingMethodAccessorImpl.java:43) ~[na:na]
	at java.base/java.lang.reflect.Method.invoke(Method.java:566) ~[na:na]
	at org.springframework.web.method.support.InvocableHandlerMethod.doInvoke(InvocableHandlerMethod.java:190) ~[spring-web-5.2.0.RELEASE.jar:5.2.0.RELEASE]
	at org.springframework.web.method.support.InvocableHandlerMethod.invokeForRequest(InvocableHandlerMethod.java:138) ~[spring-web-5.2.0.RELEASE.jar:5.2.0.RELEASE]
	at org.springframework.web.servlet.mvc.method.annotation.ServletInvocableHandlerMethod.invokeAndHandle(ServletInvocableHandlerMethod.java:106) ~[spring-webmvc-5.2.0.RELEASE.jar:5.2.0.RELEASE]
	at org.springframework.web.servlet.mvc.method.annotation.RequestMappingHandlerAdapter.invokeHandlerMethod(RequestMappingHandlerAdapter.java:888) ~[spring-webmvc-5.2.0.RELEASE.jar:5.2.0.RELEASE]
	at org.springframework.web.servlet.mvc.method.annotation.RequestMappingHandlerAdapter.handleInternal(RequestMappingHandlerAdapter.java:793) ~[spring-webmvc-5.2.0.RELEASE.jar:5.2.0.RELEASE]
	at org.springframework.web.servlet.mvc.method.AbstractHandlerMethodAdapter.handle(AbstractHandlerMethodAdapter.java:87) ~[spring-webmvc-5.2.0.RELEASE.jar:5.2.0.RELEASE]
	at org.springframework.web.servlet.DispatcherServlet.doDispatch(DispatcherServlet.java:1040) ~[spring-webmvc-5.2.0.RELEASE.jar:5.2.0.RELEASE]
	at org.springframework.web.servlet.DispatcherServlet.doService(DispatcherServlet.java:943) ~[spring-webmvc-5.2.0.RELEASE.jar:5.2.0.RELEASE]
	at org.springframework.web.servlet.FrameworkServlet.processRequest(FrameworkServlet.java:1006) ~[spring-webmvc-5.2.0.RELEASE.jar:5.2.0.RELEASE]
	at org.springframework.web.servlet.FrameworkServlet.doGet(FrameworkServlet.java:898) ~[spring-webmvc-5.2.0.RELEASE.jar:5.2.0.RELEASE]
	at javax.servlet.http.HttpServlet.service(HttpServlet.java:634) ~[tomcat-embed-core-9.0.27.jar:9.0.27]
	at org.springframework.web.servlet.FrameworkServlet.service(FrameworkServlet.java:883) ~[spring-webmvc-5.2.0.RELEASE.jar:5.2.0.RELEASE]
	at javax.servlet.http.HttpServlet.service(HttpServlet.java:741) ~[tomcat-embed-core-9.0.27.jar:9.0.27]
	at org.apache.catalina.core.ApplicationFilterChain.internalDoFilter(ApplicationFilterChain.java:231) ~[tomcat-embed-core-9.0.27.jar:9.0.27]
	at org.apache.catalina.core.ApplicationFilterChain.doFilter(ApplicationFilterChain.java:166) ~[tomcat-embed-core-9.0.27.jar:9.0.27]
	at org.apache.tomcat.websocket.server.WsFilter.doFilter(WsFilter.java:53) ~[tomcat-embed-websocket-9.0.27.jar:9.0.27]
	at org.apache.catalina.core.ApplicationFilterChain.internalDoFilter(ApplicationFilterChain.java:193) ~[tomcat-embed-core-9.0.27.jar:9.0.27]
	at org.apache.catalina.core.ApplicationFilterChain.doFilter(ApplicationFilterChain.java:166) ~[tomcat-embed-core-9.0.27.jar:9.0.27]
	at org.springframework.web.filter.CharacterEncodingFilter.doFilterInternal(CharacterEncodingFilter.java:201) ~[spring-web-5.2.0.RELEASE.jar:5.2.0.RELEASE]
	at org.springframework.web.filter.OncePerRequestFilter.doFilter(OncePerRequestFilter.java:119) ~[spring-web-5.2.0.RELEASE.jar:5.2.0.RELEASE]
	at org.apache.catalina.core.ApplicationFilterChain.internalDoFilter(ApplicationFilterChain.java:193) ~[tomcat-embed-core-9.0.27.jar:9.0.27]
	at org.apache.catalina.core.ApplicationFilterChain.doFilter(ApplicationFilterChain.java:166) ~[tomcat-embed-core-9.0.27.jar:9.0.27]
	at org.springframework.web.filter.RequestContextFilter.doFilterInternal(RequestContextFilter.java:100) ~[spring-web-5.2.0.RELEASE.jar:5.2.0.RELEASE]
	at org.springframework.web.filter.OncePerRequestFilter.doFilter(OncePerRequestFilter.java:119) ~[spring-web-5.2.0.RELEASE.jar:5.2.0.RELEASE]
	at org.apache.catalina.core.ApplicationFilterChain.internalDoFilter(ApplicationFilterChain.java:193) ~[tomcat-embed-core-9.0.27.jar:9.0.27]
	at org.apache.catalina.core.ApplicationFilterChain.doFilter(ApplicationFilterChain.java:166) ~[tomcat-embed-core-9.0.27.jar:9.0.27]
	at org.springframework.web.filter.FormContentFilter.doFilterInternal(FormContentFilter.java:93) ~[spring-web-5.2.0.RELEASE.jar:5.2.0.RELEASE]
	at org.springframework.web.filter.OncePerRequestFilter.doFilter(OncePerRequestFilter.java:119) ~[spring-web-5.2.0.RELEASE.jar:5.2.0.RELEASE]
	at org.apache.catalina.core.ApplicationFilterChain.internalDoFilter(ApplicationFilterChain.java:193) ~[tomcat-embed-core-9.0.27.jar:9.0.27]
	at org.apache.catalina.core.ApplicationFilterChain.doFilter(ApplicationFilterChain.java:166) ~[tomcat-embed-core-9.0.27.jar:9.0.27]
	at org.springframework.web.filter.CharacterEncodingFilter.doFilterInternal(CharacterEncodingFilter.java:201) ~[spring-web-5.2.0.RELEASE.jar:5.2.0.RELEASE]
	at org.springframework.web.filter.OncePerRequestFilter.doFilter(OncePerRequestFilter.java:119) ~[spring-web-5.2.0.RELEASE.jar:5.2.0.RELEASE]
	at org.apache.catalina.core.ApplicationFilterChain.internalDoFilter(ApplicationFilterChain.java:193) ~[tomcat-embed-core-9.0.27.jar:9.0.27]
	at org.apache.catalina.core.ApplicationFilterChain.doFilter(ApplicationFilterChain.java:166) ~[tomcat-embed-core-9.0.27.jar:9.0.27]
	at org.apache.catalina.core.StandardWrapperValve.invoke(StandardWrapperValve.java:202) ~[tomcat-embed-core-9.0.27.jar:9.0.27]
	at org.apache.catalina.core.StandardContextValve.invoke(StandardContextValve.java:96) ~[tomcat-embed-core-9.0.27.jar:9.0.27]
	at org.apache.catalina.authenticator.AuthenticatorBase.invoke(AuthenticatorBase.java:526) ~[tomcat-embed-core-9.0.27.jar:9.0.27]
	at org.apache.catalina.core.StandardHostValve.invoke(StandardHostValve.java:139) ~[tomcat-embed-core-9.0.27.jar:9.0.27]
	at org.apache.catalina.valves.ErrorReportValve.invoke(ErrorReportValve.java:92) ~[tomcat-embed-core-9.0.27.jar:9.0.27]
	at org.apache.catalina.core.StandardEngineValve.invoke(StandardEngineValve.java:74) ~[tomcat-embed-core-9.0.27.jar:9.0.27]
	at org.apache.catalina.connector.CoyoteAdapter.service(CoyoteAdapter.java:343) ~[tomcat-embed-core-9.0.27.jar:9.0.27]
	at org.apache.coyote.http11.Http11Processor.service(Http11Processor.java:408) ~[tomcat-embed-core-9.0.27.jar:9.0.27]
	at org.apache.coyote.AbstractProcessorLight.process(AbstractProcessorLight.java:66) ~[tomcat-embed-core-9.0.27.jar:9.0.27]
	at org.apache.coyote.AbstractProtocol$ConnectionHandler.process(AbstractProtocol.java:861) ~[tomcat-embed-core-9.0.27.jar:9.0.27]
	at org.apache.tomcat.util.net.NioEndpoint$SocketProcessor.doRun(NioEndpoint.java:1579) ~[tomcat-embed-core-9.0.27.jar:9.0.27]
	at org.apache.tomcat.util.net.SocketProcessorBase.run(SocketProcessorBase.java:49) ~[tomcat-embed-core-9.0.27.jar:9.0.27]
	at java.base/java.util.concurrent.ThreadPoolExecutor.runWorker(ThreadPoolExecutor.java:1128) ~[na:na]
	at java.base/java.util.concurrent.ThreadPoolExecutor$Worker.run(ThreadPoolExecutor.java:628) ~[na:na]
	at org.apache.tomcat.util.threads.TaskThread$WrappingRunnable.run(TaskThread.java:61) ~[tomcat-embed-core-9.0.27.jar:9.0.27]
	at java.base/java.lang.Thread.run(Thread.java:834) ~[na:na]

2020-01-22 14:56:17.407  INFO 17460 --- [http-nio-8080-exec-9] c.e.d.controllers.ExplicadorController   : Received a Get request.
2020-01-22 14:56:22.258  INFO 17460 --- [http-nio-8080-exec-10] c.e.d.controllers.ExplicadorController   : Received a Get request.
2020-01-22 14:56:28.144  INFO 17460 --- [http-nio-8080-exec-1] c.e.d.controllers.ExplicadorController   : Received a Get request.
2020-01-22 14:56:31.562  INFO 17460 --- [http-nio-8080-exec-2] c.e.d.controllers.ExplicadorController   : Received a Get request.
2020-01-22 15:02:34.287  INFO 17460 --- [restartedMain] com.example.demo.DemoApplication         : Starting DemoApplication on DESKTOP-L0NO9V0 with PID 17460 (started by Asus´ in C:\Users\Asus´\Desktop\Docs\pastagit\esofproj)
2020-01-22 15:02:34.287  INFO 17460 --- [restartedMain] com.example.demo.DemoApplication         : No active profile set, falling back to default profiles: default
2020-01-22 15:02:35.402 ERROR 17460 --- [restartedMain] o.s.boot.SpringApplication               : Application run failed

org.springframework.beans.factory.BeanCreationException: Error creating bean with name 'explicacaoController' defined in file [C:\Users\Asus´\Desktop\Docs\pastagit\esofproj\target\classes\com\example\demo\controllers\ExplicacaoController.class]: Post-processing of merged bean definition failed; nested exception is java.lang.IllegalStateException: Failed to introspect Class [com.example.demo.controllers.ExplicacaoController] from ClassLoader [org.springframework.boot.devtools.restart.classloader.RestartClassLoader@24ea8676]
	at org.springframework.beans.factory.support.AbstractAutowireCapableBeanFactory.doCreateBean(AbstractAutowireCapableBeanFactory.java:572) ~[spring-beans-5.2.0.RELEASE.jar:5.2.0.RELEASE]
	at org.springframework.beans.factory.support.AbstractAutowireCapableBeanFactory.createBean(AbstractAutowireCapableBeanFactory.java:517) ~[spring-beans-5.2.0.RELEASE.jar:5.2.0.RELEASE]
	at org.springframework.beans.factory.support.AbstractBeanFactory.lambda$doGetBean$0(AbstractBeanFactory.java:323) ~[spring-beans-5.2.0.RELEASE.jar:5.2.0.RELEASE]
	at org.springframework.beans.factory.support.DefaultSingletonBeanRegistry.getSingleton(DefaultSingletonBeanRegistry.java:222) ~[spring-beans-5.2.0.RELEASE.jar:5.2.0.RELEASE]
	at org.springframework.beans.factory.support.AbstractBeanFactory.doGetBean(AbstractBeanFactory.java:321) ~[spring-beans-5.2.0.RELEASE.jar:5.2.0.RELEASE]
	at org.springframework.beans.factory.support.AbstractBeanFactory.getBean(AbstractBeanFactory.java:202) ~[spring-beans-5.2.0.RELEASE.jar:5.2.0.RELEASE]
	at org.springframework.beans.factory.support.DefaultListableBeanFactory.preInstantiateSingletons(DefaultListableBeanFactory.java:879) ~[spring-beans-5.2.0.RELEASE.jar:5.2.0.RELEASE]
	at org.springframework.context.support.AbstractApplicationContext.finishBeanFactoryInitialization(AbstractApplicationContext.java:878) ~[spring-context-5.2.0.RELEASE.jar:5.2.0.RELEASE]
	at org.springframework.context.support.AbstractApplicationContext.refresh(AbstractApplicationContext.java:550) ~[spring-context-5.2.0.RELEASE.jar:5.2.0.RELEASE]
	at org.springframework.boot.web.servlet.context.ServletWebServerApplicationContext.refresh(ServletWebServerApplicationContext.java:141) ~[spring-boot-2.2.0.RELEASE.jar:2.2.0.RELEASE]
	at org.springframework.boot.SpringApplication.refresh(SpringApplication.java:747) ~[spring-boot-2.2.0.RELEASE.jar:2.2.0.RELEASE]
	at org.springframework.boot.SpringApplication.refreshContext(SpringApplication.java:397) ~[spring-boot-2.2.0.RELEASE.jar:2.2.0.RELEASE]
	at org.springframework.boot.SpringApplication.run(SpringApplication.java:315) ~[spring-boot-2.2.0.RELEASE.jar:2.2.0.RELEASE]
	at org.springframework.boot.SpringApplication.run(SpringApplication.java:1226) ~[spring-boot-2.2.0.RELEASE.jar:2.2.0.RELEASE]
	at org.springframework.boot.SpringApplication.run(SpringApplication.java:1215) ~[spring-boot-2.2.0.RELEASE.jar:2.2.0.RELEASE]
	at com.example.demo.DemoApplication.main(DemoApplication.java:14) ~[classes/:na]
	at java.base/jdk.internal.reflect.NativeMethodAccessorImpl.invoke0(Native Method) ~[na:na]
	at java.base/jdk.internal.reflect.NativeMethodAccessorImpl.invoke(NativeMethodAccessorImpl.java:62) ~[na:na]
	at java.base/jdk.internal.reflect.DelegatingMethodAccessorImpl.invoke(DelegatingMethodAccessorImpl.java:43) ~[na:na]
	at java.base/java.lang.reflect.Method.invoke(Method.java:566) ~[na:na]
	at org.springframework.boot.devtools.restart.RestartLauncher.run(RestartLauncher.java:49) ~[spring-boot-devtools-2.2.0.RELEASE.jar:2.2.0.RELEASE]
Caused by: java.lang.IllegalStateException: Failed to introspect Class [com.example.demo.controllers.ExplicacaoController] from ClassLoader [org.springframework.boot.devtools.restart.classloader.RestartClassLoader@24ea8676]
	at org.springframework.util.ReflectionUtils.getDeclaredFields(ReflectionUtils.java:728) ~[spring-core-5.2.0.RELEASE.jar:5.2.0.RELEASE]
	at org.springframework.util.ReflectionUtils.doWithLocalFields(ReflectionUtils.java:660) ~[spring-core-5.2.0.RELEASE.jar:5.2.0.RELEASE]
	at org.springframework.orm.jpa.support.PersistenceAnnotationBeanPostProcessor.buildPersistenceMetadata(PersistenceAnnotationBeanPostProcessor.java:428) ~[spring-orm-5.2.0.RELEASE.jar:5.2.0.RELEASE]
	at org.springframework.orm.jpa.support.PersistenceAnnotationBeanPostProcessor.findPersistenceMetadata(PersistenceAnnotationBeanPostProcessor.java:409) ~[spring-orm-5.2.0.RELEASE.jar:5.2.0.RELEASE]
	at org.springframework.orm.jpa.support.PersistenceAnnotationBeanPostProcessor.postProcessMergedBeanDefinition(PersistenceAnnotationBeanPostProcessor.java:336) ~[spring-orm-5.2.0.RELEASE.jar:5.2.0.RELEASE]
	at org.springframework.beans.factory.support.AbstractAutowireCapableBeanFactory.applyMergedBeanDefinitionPostProcessors(AbstractAutowireCapableBeanFactory.java:1094) ~[spring-beans-5.2.0.RELEASE.jar:5.2.0.RELEASE]
	at org.springframework.beans.factory.support.AbstractAutowireCapableBeanFactory.doCreateBean(AbstractAutowireCapableBeanFactory.java:569) ~[spring-beans-5.2.0.RELEASE.jar:5.2.0.RELEASE]
	... 20 common frames omitted
Caused by: java.lang.NoClassDefFoundError: Lcom/example/demo/services/ExplicacaoService;
	at java.base/java.lang.Class.getDeclaredFields0(Native Method) ~[na:na]
	at java.base/java.lang.Class.privateGetDeclaredFields(Class.java:3061) ~[na:na]
	at java.base/java.lang.Class.getDeclaredFields(Class.java:2248) ~[na:na]
	at org.springframework.util.ReflectionUtils.getDeclaredFields(ReflectionUtils.java:723) ~[spring-core-5.2.0.RELEASE.jar:5.2.0.RELEASE]
	... 26 common frames omitted
Caused by: java.lang.ClassNotFoundException: com.example.demo.services.ExplicacaoService
	at java.base/jdk.internal.loader.BuiltinClassLoader.loadClass(BuiltinClassLoader.java:581) ~[na:na]
	at java.base/jdk.internal.loader.ClassLoaders$AppClassLoader.loadClass(ClassLoaders.java:178) ~[na:na]
	at java.base/java.lang.ClassLoader.loadClass(ClassLoader.java:521) ~[na:na]
	at org.springframework.boot.devtools.restart.classloader.RestartClassLoader.loadClass(RestartClassLoader.java:144) ~[spring-boot-devtools-2.2.0.RELEASE.jar:2.2.0.RELEASE]
	at java.base/java.lang.ClassLoader.loadClass(ClassLoader.java:521) ~[na:na]
	... 30 common frames omitted

2020-01-22 15:02:58.431  INFO 17460 --- [restartedMain] com.example.demo.DemoApplication         : Starting DemoApplication on DESKTOP-L0NO9V0 with PID 17460 (started by Asus´ in C:\Users\Asus´\Desktop\Docs\pastagit\esofproj)
2020-01-22 15:02:58.431  INFO 17460 --- [restartedMain] com.example.demo.DemoApplication         : No active profile set, falling back to default profiles: default
2020-01-22 15:02:59.938  INFO 17460 --- [restartedMain] com.example.demo.Bootstrap               : Startup
2020-01-22 15:02:59.960  INFO 17460 --- [restartedMain] com.example.demo.DemoApplication         : Started DemoApplication in 1.619 seconds (JVM running for 942.346)
2020-01-22 15:03:06.292  INFO 17764 --- [main] com.example.demo.DemoApplicationTests    : Starting DemoApplicationTests on DESKTOP-L0NO9V0 with PID 17764 (started by Asus´ in C:\Users\Asus´\Desktop\Docs\pastagit\esofproj)
2020-01-22 15:03:06.292  INFO 17764 --- [main] com.example.demo.DemoApplicationTests    : No active profile set, falling back to default profiles: default
2020-01-22 15:03:12.382  INFO 17764 --- [main] com.example.demo.Bootstrap               : Startup
2020-01-22 15:03:12.519  INFO 17764 --- [main] com.example.demo.DemoApplicationTests    : Started DemoApplicationTests in 6.908 seconds (JVM running for 9.566)
2020-01-22 15:03:12.928  INFO 17764 --- [main] c.e.d.controllers.CursoControllerTest    : Starting CursoControllerTest on DESKTOP-L0NO9V0 with PID 17764 (started by Asus´ in C:\Users\Asus´\Desktop\Docs\pastagit\esofproj)
2020-01-22 15:03:12.928  INFO 17764 --- [main] c.e.d.controllers.CursoControllerTest    : No active profile set, falling back to default profiles: default
2020-01-22 15:03:13.642  INFO 17764 --- [main] c.e.d.controllers.CursoControllerTest    : Started CursoControllerTest in 0.753 seconds (JVM running for 10.697)
2020-01-22 15:03:13.747  INFO 17764 --- [main] c.e.demo.controllers.CursoController     : Received a get request
2020-01-22 15:03:13.947  INFO 17764 --- [main] c.e.demo.controllers.CursoController     : Received a Post request.
2020-01-22 15:03:13.950  INFO 17764 --- [main] c.e.demo.controllers.CursoController     : Degree created with success.
2020-01-22 15:03:13.953  INFO 17764 --- [main] c.e.demo.controllers.CursoController     : Received a Post request.
2020-01-22 15:03:13.955 ERROR 17764 --- [main] c.e.demo.controllers.CursoController     : Post request failed.
2020-01-22 15:03:14.013  INFO 17764 --- [main] c.e.d.controllers.CadeiraControllerTest  : Starting CadeiraControllerTest on DESKTOP-L0NO9V0 with PID 17764 (started by Asus´ in C:\Users\Asus´\Desktop\Docs\pastagit\esofproj)
2020-01-22 15:03:14.014  INFO 17764 --- [main] c.e.d.controllers.CadeiraControllerTest  : No active profile set, falling back to default profiles: default
2020-01-22 15:03:14.510  INFO 17764 --- [main] c.e.d.controllers.CadeiraControllerTest  : Started CadeiraControllerTest in 0.525 seconds (JVM running for 11.557)
2020-01-22 15:03:14.532  INFO 17764 --- [main] c.e.demo.controllers.CadeiraController   : Received a Post request to /cadeira/{curso}
2020-01-22 15:03:14.533  INFO 17764 --- [main] c.e.demo.controllers.CadeiraController   : Course created with success.
2020-01-22 15:03:14.604  INFO 17764 --- [main] c.e.demo.services.ExplicadorServiceTest  : Starting ExplicadorServiceTest on DESKTOP-L0NO9V0 with PID 17764 (started by Asus´ in C:\Users\Asus´\Desktop\Docs\pastagit\esofproj)
2020-01-22 15:03:14.604  INFO 17764 --- [main] c.e.demo.services.ExplicadorServiceTest  : No active profile set, falling back to default profiles: default
2020-01-22 15:03:15.658  INFO 17764 --- [main] com.example.demo.Bootstrap               : Startup
2020-01-22 15:03:15.689  INFO 17764 --- [main] c.e.demo.services.ExplicadorServiceTest  : Started ExplicadorServiceTest in 1.107 seconds (JVM running for 12.737)
2020-01-22 15:03:15.772  INFO 17764 --- [main] c.e.d.c.ExplicacaoControllerTest         : Starting ExplicacaoControllerTest on DESKTOP-L0NO9V0 with PID 17764 (started by Asus´ in C:\Users\Asus´\Desktop\Docs\pastagit\esofproj)
2020-01-22 15:03:15.772  INFO 17764 --- [main] c.e.d.c.ExplicacaoControllerTest         : No active profile set, falling back to default profiles: default
2020-01-22 15:03:16.220  INFO 17764 --- [main] c.e.d.c.ExplicacaoControllerTest         : Started ExplicacaoControllerTest in 0.49 seconds (JVM running for 13.271)
2020-01-22 15:03:16.236  INFO 17764 --- [main] c.e.d.controllers.ExplicacaoController   : Received a Post request.
2020-01-22 15:03:16.236  INFO 17764 --- [main] c.e.d.controllers.ExplicacaoController   : Meeting created successfully.
2020-01-22 15:03:16.267  INFO 17764 --- [main] c.e.d.c.ExplicadorControllerTest         : Starting ExplicadorControllerTest on DESKTOP-L0NO9V0 with PID 17764 (started by Asus´ in C:\Users\Asus´\Desktop\Docs\pastagit\esofproj)
2020-01-22 15:03:16.267  INFO 17764 --- [main] c.e.d.c.ExplicadorControllerTest         : No active profile set, falling back to default profiles: default
2020-01-22 15:03:16.695  INFO 17764 --- [main] c.e.d.c.ExplicadorControllerTest         : Started ExplicadorControllerTest in 0.449 seconds (JVM running for 13.749)
2020-01-22 15:03:16.711  INFO 17764 --- [main] c.e.d.controllers.ExplicadorController   : Received a Get request.
2020-01-22 15:03:16.726  INFO 17764 --- [main] c.e.d.controllers.ExplicadorController   : Received a post request.
2020-01-22 15:03:16.726  INFO 17764 --- [main] c.e.d.controllers.ExplicadorController   : Explainer created and associated with degree successfully.
2020-01-22 15:03:16.742  INFO 17764 --- [main] c.e.d.controllers.ExplicadorController   : Received a post request.
2020-01-22 15:03:16.758  INFO 17764 --- [main] c.e.d.controllers.ExplicadorController   : Received a post request.
2020-01-22 15:03:16.758  INFO 17764 --- [main] c.e.d.controllers.ExplicadorController   : Explainer created with success.
2020-01-22 15:03:16.758  INFO 17764 --- [main] c.e.d.controllers.ExplicadorController   : Received a post request.
2020-01-22 15:03:16.773  INFO 17764 --- [main] c.e.d.controllers.ExplicadorController   : Received a get request
2020-01-22 15:03:16.773  INFO 17764 --- [main] c.e.d.controllers.ExplicadorController   : Received a get request
2020-01-22 15:03:16.789  INFO 17764 --- [main] c.e.d.controllers.ExplicadorController   : Received a get request
2020-01-22 15:03:16.820  INFO 17764 --- [main] c.e.d.c.FaculdadeControllerTest          : Starting FaculdadeControllerTest on DESKTOP-L0NO9V0 with PID 17764 (started by Asus´ in C:\Users\Asus´\Desktop\Docs\pastagit\esofproj)
2020-01-22 15:03:16.836  INFO 17764 --- [main] c.e.d.c.FaculdadeControllerTest          : No active profile set, falling back to default profiles: default
2020-01-22 15:03:17.238  INFO 17764 --- [main] c.e.d.c.FaculdadeControllerTest          : Started FaculdadeControllerTest in 0.438 seconds (JVM running for 14.296)
2020-01-22 15:03:17.253  INFO 17764 --- [main] c.e.d.controllers.FaculdadeController    : Received a get request
2020-01-22 15:03:17.269  INFO 17764 --- [main] c.e.d.controllers.FaculdadeController    : Received a Get request.
2020-01-22 15:03:17.269  INFO 17764 --- [main] c.e.d.controllers.FaculdadeController    : College created successfully.
2020-01-22 15:03:17.269  INFO 17764 --- [main] c.e.d.controllers.FaculdadeController    : Received a Get request.
2020-01-22 15:03:17.409 ERROR 17764 --- [SpringContextShutdownHook] .SchemaDropperImpl$DelayedDropActionImpl : HHH000478: Unsuccessful: drop table curso if exists
